2021-06-29 18:42:26,493; INFO; nprophet.config; __post_init__; Note: Trend changepoint regularization is experimental.
2021-06-29 18:42:26,557; WARNING; nprophet; _train; To plot live loss, please install neuralprophet[live].Using pip: 'pip install neuralprophet[live]'Or install the missing package manually: 'pip install livelossplot'
Traceback (most recent call last):
  File "/Users/singyeongseob/opt/anaconda3/envs/pp379/lib/python3.7/site-packages/neuralprophet/forecaster.py", line 585, in _train
    from livelossplot import PlotLosses
ModuleNotFoundError: No module named 'livelossplot'
2021-06-29 18:42:26,638; INFO; nprophet.config; set_auto_batch_epoch; Auto-set batch_size to 8
2021-06-29 18:42:26,934; INFO; nprophet; _lr_range_test; learning rate range test found optimal lr: 1.23E-01
2021-06-29 18:42:44,567; INFO; nprophet; _handle_missing_data; 303 missing dates were added.
2021-06-29 18:42:44,585; INFO; nprophet; _handle_missing_data; 303 NaN values in column y were auto-imputed.
2021-06-29 18:43:07,987; INFO; nprophet; _handle_missing_data; 303 missing dates were added.
2021-06-29 18:43:08,025; INFO; nprophet; _handle_missing_data; 303 NaN values in column y were auto-imputed.
2021-06-29 18:47:22,904; INFO; nprophet; _handle_missing_data; 774 missing dates were added.
2021-06-29 18:47:22,931; INFO; nprophet; _handle_missing_data; 774 NaN values in column y were auto-imputed.
2021-06-29 18:48:15,266; INFO; nprophet; _handle_missing_data; 774 missing dates were added.
2021-06-29 18:48:15,336; INFO; nprophet; _handle_missing_data; 774 NaN values in column y were auto-imputed.
2021-06-29 18:48:29,290; INFO; nprophet; _handle_missing_data; 774 missing dates were added.
2021-06-29 18:48:29,308; INFO; nprophet; _handle_missing_data; 774 NaN values in column y were auto-imputed.
2021-06-29 18:48:29,314; WARNING; nprophet; make_future_dataframe; Number of forecast steps is defined by n_forecasts. Adjusted to 60.
2021-06-29 18:49:17,929; INFO; nprophet; _handle_missing_data; 26 missing dates were added.
2021-06-29 18:49:17,941; INFO; nprophet; _handle_missing_data; 26 NaN values in column y were auto-imputed.
2021-06-29 18:49:17,953; WARNING; nprophet; make_future_dataframe; Number of forecast steps is defined by n_forecasts. Adjusted to 60.
2021-06-29 18:49:18,217; WARNING; nprophet; plot; Too few forecasts to plot a line per forecast step.Plotting a line per forecast origin instead.
2021-06-29 18:49:40,485; INFO; nprophet; _handle_missing_data; 774 missing dates were added.
2021-06-29 18:49:40,518; INFO; nprophet; _handle_missing_data; 774 NaN values in column y were auto-imputed.
2021-06-29 18:49:40,543; WARNING; nprophet; make_future_dataframe; Number of forecast steps is defined by n_forecasts. Adjusted to 60.
2021-06-29 18:50:56,667; INFO; nprophet; _handle_missing_data; 774 missing dates were added.
2021-06-29 18:50:56,694; INFO; nprophet; _handle_missing_data; 774 NaN values in column y were auto-imputed.
